[debug] [2021-04-27T14:05:57.012Z] ----------------------------------------------------------------------
[debug] [2021-04-27T14:05:57.015Z] Command:       /usr/local/bin/node /Users/onyedikachierugo/.npm-global/bin/firebase init
[debug] [2021-04-27T14:05:57.015Z] CLI Version:   9.10.0
[debug] [2021-04-27T14:05:57.015Z] Platform:      darwin
[debug] [2021-04-27T14:05:57.016Z] Node Version:  v12.13.0
[debug] [2021-04-27T14:05:57.017Z] Time:          Tue Apr 27 2021 15:05:57 GMT+0100 (West Africa Standard Time)
[debug] [2021-04-27T14:05:57.017Z] ----------------------------------------------------------------------
[debug] 
[debug] [2021-04-27T14:05:57.028Z] > command requires scopes: ["email","openid","https://www.googleapis.com/auth/cloudplatformprojects.readonly","https://www.googleapis.com/auth/firebase","https://www.googleapis.com/auth/cloud-platform"]
[debug] [2021-04-27T14:05:57.029Z] > authorizing via signed-in user (onyedikachierugo@gmail.com)
[info] 
     ######## #### ########  ######## ########     ###     ######  ########
     ##        ##  ##     ## ##       ##     ##  ##   ##  ##       ##
     ######    ##  ########  ######   ########  #########  ######  ######
     ##        ##  ##    ##  ##       ##     ## ##     ##       ## ##
     ##       #### ##     ## ######## ########  ##     ##  ######  ########

You're about to initialize a Firebase project in this directory:

  /Users/onyedikachierugo/Desktop/desktop-subscription-frontend

[info] 
=== Project Setup
[info] 
[info] First, let's associate this project directory with a Firebase project.
[info] You can create multiple project aliases by running firebase use --add, 
[info] but for now we'll just set up a default project.
[info] 
[debug] [2021-04-27T14:06:05.215Z] >>> [apiv2][query] GET https://firebase.googleapis.com/v1beta1/projects pageSize=100
[debug] [2021-04-27T14:06:06.138Z] <<< [apiv2][status] GET https://firebase.googleapis.com/v1beta1/projects 200
[debug] [2021-04-27T14:06:06.138Z] <<< [apiv2][body] GET https://firebase.googleapis.com/v1beta1/projects [omitted]
[info] i  Using project sub-project-51159 (sub project) 
[info] 
=== Hosting Setup
[info] 
[info] Your public directory is the folder (relative to your project directory) that
[info] will contain Hosting assets to be uploaded with firebase deploy. If you
[info] have a build process for your assets, use your build's output directory.
[info] 
[info] ✔  Wrote dist//404.html 
[debug] [2021-04-27T14:10:23.286Z] >>> [apiv2][query] GET https://www.gstatic.com/firebasejs/releases.json [none]
[debug] [2021-04-27T14:10:23.816Z] <<< [apiv2][status] GET https://www.gstatic.com/firebasejs/releases.json 200
[debug] [2021-04-27T14:10:23.816Z] <<< [apiv2][body] GET https://www.gstatic.com/firebasejs/releases.json {"current":{"version":"8.4.2","browserURL":"https://www.gstatic.com/firebasejs/8.4.2/firebase.js","packageURL":"https://www.gstatic.com/firebasejs/8.4.2/firebase.tgz"},"live":{"version":"8.4","browserURL":"https://www.gstatic.com/firebasejs/live/8.4/firebase.js","packageURL":"https://www.gstatic.com/firebasejs/live/8.4/firebase.tgz"},"components":{"analytics":"https://www.gstatic.com/firebasejs/8.4.2/firebase-analytics.js","app":"https://www.gstatic.com/firebasejs/8.4.2/firebase-app.js","auth":"https://www.gstatic.com/firebasejs/8.4.2/firebase-auth.js","database":"https://www.gstatic.com/firebasejs/8.4.2/firebase-database.js","firestore":"https://www.gstatic.com/firebasejs/8.4.2/firebase-firestore.js","functions":"https://www.gstatic.com/firebasejs/8.4.2/firebase-functions.js","installations":"https://www.gstatic.com/firebasejs/8.4.2/firebase-installations.js","messaging":"https://www.gstatic.com/firebasejs/8.4.2/firebase-messaging.js","storage":"https://www.gstatic.com/firebasejs/8.4.2/firebase-storage.js","performance":"https://www.gstatic.com/firebasejs/8.4.2/firebase-performance.js","remote-config":"https://www.gstatic.com/firebasejs/8.4.2/firebase-remote-config.js","firestore.memory":"https://www.gstatic.com/firebasejs/8.4.2/firebase-firestore.memory.js"}}
[info] ✔  Wrote dist//index.html 
[info] 
[info] i  Detected a .git folder at /Users/onyedikachierugo/Desktop/desktop-subscription-frontend 
[info] i  Authorizing with GitHub to upload your service account to a GitHub repository's secrets store. 
[info] 
[info] Visit this URL on this device to log in:
[info] https://github.com/login/oauth/authorize?client_id=89cf50f02ac6aaed3484&state=127371072&redirect_uri=http%3A%2F%2Flocalhost%3A9005&scope=read%3Auser%20repo%20public_repo
[info] 
[info] Waiting for authentication...
[debug] [2021-04-27T14:11:24.489Z] >>> HTTP REQUEST POST https://github.com/login/oauth/access_token  
 {"client_id":"89cf50f02ac6aaed3484","client_secret":"3330d14abc895d9a74d5f17cd7a00711fa2c5bf0","code":"5dd8b3a8bb991cae37eb","redirect_uri":"http://localhost:9005","state":"127371072"}
[debug] [2021-04-27T14:11:25.209Z] <<< HTTP RESPONSE 200 {"server":"GitHub.com","date":"Tue, 27 Apr 2021 14:11:24 GMT","content-type":"application/json; charset=utf-8","transfer-encoding":"chunked","vary":"X-PJAX, Accept-Encoding, Accept, X-Requested-With","permissions-policy":"interest-cohort=()","etag":"W/\"9e2b0a9e963c2eee8456fb3e5b00a36e\"","cache-control":"max-age=0, private, must-revalidate","strict-transport-security":"max-age=31536000; includeSubdomains; preload","x-frame-options":"deny","x-content-type-options":"nosniff","x-xss-protection":"0","referrer-policy":"origin-when-cross-origin, strict-origin-when-cross-origin","expect-ct":"max-age=2592000, report-uri=\"https://api.github.com/_private/browser/errors\"","content-security-policy":"default-src 'none'; base-uri 'self'; block-all-mixed-content; connect-src 'self' uploads.github.com www.githubstatus.com collector.githubapp.com api.github.com github-cloud.s3.amazonaws.com github-production-repository-file-5c1aeb.s3.amazonaws.com github-production-upload-manifest-file-7fdce7.s3.amazonaws.com github-production-user-asset-6210df.s3.amazonaws.com cdn.optimizely.com logx.optimizely.com/v1/events wss://alive.github.com; font-src github.githubassets.com; form-action 'self' github.com gist.github.com; frame-ancestors 'none'; frame-src render.githubusercontent.com; img-src 'self' data: github.githubassets.com identicons.github.com collector.githubapp.com github-cloud.s3.amazonaws.com secured-user-images.githubusercontent.com/ *.githubusercontent.com; manifest-src 'self'; media-src 'none'; script-src github.githubassets.com; style-src 'unsafe-inline' github.githubassets.com; worker-src github.com/socket-worker-3f088aa2.js gist.github.com/socket-worker-3f088aa2.js","x-github-request-id":"E9B3:D1A2:4AB0FF1:4D87CE0:60881B8C"}
[debug] [2021-04-27T14:11:25.263Z] >>> [apiv2][query] GET https://api.github.com/user [none]
[debug] [2021-04-27T14:11:26.035Z] <<< [apiv2][status] GET https://api.github.com/user 200
[debug] [2021-04-27T14:11:26.035Z] <<< [apiv2][body] GET https://api.github.com/user {"login":"Onyedikachi123","id":36213804,"node_id":"MDQ6VXNlcjM2MjEzODA0","avatar_url":"https://avatars.githubusercontent.com/u/36213804?v=4","gravatar_id":"","url":"https://api.github.com/users/Onyedikachi123","html_url":"https://github.com/Onyedikachi123","followers_url":"https://api.github.com/users/Onyedikachi123/followers","following_url":"https://api.github.com/users/Onyedikachi123/following{/other_user}","gists_url":"https://api.github.com/users/Onyedikachi123/gists{/gist_id}","starred_url":"https://api.github.com/users/Onyedikachi123/starred{/owner}{/repo}","subscriptions_url":"https://api.github.com/users/Onyedikachi123/subscriptions","organizations_url":"https://api.github.com/users/Onyedikachi123/orgs","repos_url":"https://api.github.com/users/Onyedikachi123/repos","events_url":"https://api.github.com/users/Onyedikachi123/events{/privacy}","received_events_url":"https://api.github.com/users/Onyedikachi123/received_events","type":"User","site_admin":false,"name":"Onyedikachi Shedrach Erugo","company":null,"blog":"","location":null,"email":null,"hireable":null,"bio":"Software developer","twitter_username":null,"public_repos":35,"public_gists":0,"followers":7,"following":10,"created_at":"2018-02-07T00:33:41Z","updated_at":"2021-04-25T19:01:11Z","private_gists":0,"total_private_repos":1,"owned_private_repos":1,"disk_usage":183520,"collaborators":0,"two_factor_authentication":false,"plan":{"name":"free","space":976562499,"collaborators":0,"private_repos":10000}}
[info] 
[info] ✔  Success! Logged into GitHub as Onyedikachi123 
[info] 
